[2026-03-15 22:53:47] ==========================================
[2026-03-15 22:53:47] 🚀 开始部署到 GitHub
[2026-03-15 22:53:47] 🔧 配置 Git 环境...
[2026-03-15 22:53:47] ✓ Git 环境配置完成
[2026-03-15 22:53:47] ⬇️  拉取最新代码...
[2026-03-15 22:53:52] ✓ 最新代码已拉取
[2026-03-15 22:53:52] 📝准备提交更新...
[2026-03-15 22:53:52] ✓ 变更已提交
[2026-03-15 22:53:52] ⬆️  推送到 GitHub...
[2026-03-15 22:53:55] ✓ 更新已推送到 GitHub
[2026-03-15 22:53:55] → 飞书消息（当前会话）: 🚀 GitHub 部署成功 - 🎯 更新已推送到仓库\n\n仓库: https://github.com/SunnySLJ/zhengongfu.git\n分支: main\n目录: development\n提交: feat: update development resources 2026-03-15 22:53:47
[2026-03-15 22:53:55] 📧 飞书通知已发送
[2026-03-15 22:53:55] ✅ 部署完成
[2026-03-15 22:57:55] ==========================================
[2026-03-15 22:57:55] 🚀 开始部署到 GitHub
[2026-03-15 22:57:56] 🔧 配置 Git 环境...
[2026-03-15 22:57:56] ✓ Git 环境配置完成
[2026-03-15 22:57:56] ⬇️  拉取最新代码...
[2026-03-15 22:58:03] ✓ 最新代码已拉取
[2026-03-15 22:58:03] 📝准备提交更新...
